<?xml version="1.0" encoding="UTF-8"?>
<!-- Generated by org.testng.reporters.JUnitReportReporter -->
<testsuite hostname="WIN-8N2F4M2" failures="0" tests="2" name="chandu.TestScenario_2" time="30.005" errors="0" timestamp="2024-02-24T14:35:03 IST" skipped="0">
  <testcase classname="chandu.TestScenario_2" name="testScenariotwo" time="14.676"/>
  <system-out/>
  <testcase classname="chandu.TestScenario_2" name="testScenariotwo" time="15.329"/>
  <system-out/>
</testsuite> <!-- chandu.TestScenario_2 -->
