<?xml version="1.0" encoding="UTF-8"?>
<!-- Generated by org.testng.reporters.JUnitReportReporter -->
<testsuite hostname="WIN-8N2F4M2" failures="0" tests="2" name="Malli_test.TestScenario_1" time="40.431" errors="0" timestamp="2024-02-27T13:20:12 IST" skipped="0">
  <testcase classname="Malli_test.TestScenario_1" name="TestScenario1" time="23.163"/>
  <system-out/>
  <testcase classname="Malli_test.TestScenario_1" name="TestScenario1" time="17.268"/>
  <system-out/>
</testsuite> <!-- Malli_test.TestScenario_1 -->
