<?xml version="1.0" encoding="UTF-8"?>
<!-- Generated by org.testng.reporters.JUnitReportReporter -->
<testsuite hostname="WIN-8N2F4M2" failures="0" tests="2" name="Malli_test.TestScenario_2" time="44.821" errors="0" timestamp="2024-02-27T13:20:12 IST" skipped="0">
  <testcase classname="Malli_test.TestScenario_2" name="TestScenario2" time="21.637"/>
  <system-out/>
  <testcase classname="Malli_test.TestScenario_2" name="TestScenario2" time="23.184"/>
  <system-out/>
</testsuite> <!-- Malli_test.TestScenario_2 -->
