<?xml version="1.0" encoding="UTF-8"?>
<!-- Generated by org.testng.reporters.JUnitReportReporter -->
<testsuite hostname="WIN-8N2F4M2" failures="0" tests="2" name="chandu.TestScenario_1" time="29.343" errors="0" timestamp="2024-02-24T14:35:03 IST" skipped="0">
  <testcase classname="chandu.TestScenario_1" name="testScenarioone" time="10.152"/>
  <system-out/>
  <testcase classname="chandu.TestScenario_1" name="testScenarioone" time="19.191"/>
  <system-out/>
</testsuite> <!-- chandu.TestScenario_1 -->
