<?xml version="1.0" encoding="UTF-8"?>
<!-- Generated by org.testng.reporters.JUnitReportReporter -->
<testsuite hostname="WIN-8N2F4M2" failures="0" tests="1" name="chandu.TestScenario_3" time="37.644" errors="0" timestamp="2024-02-24T14:35:03 IST" skipped="0">
  <testcase classname="chandu.TestScenario_3" name="testScenariothree" time="37.644"/>
  <system-out/>
</testsuite> <!-- chandu.TestScenario_3 -->
